  [1m[35m (596.4ms)[0m  [1m[35mCREATE DATABASE "love_every_pound_development" ENCODING = 'unicode'[0m
  ↳ bin/rails:9
  [1m[35m (467.4ms)[0m  [1m[35mCREATE DATABASE "love_every_pound_test" ENCODING = 'unicode'[0m
  ↳ bin/rails:9
  [1m[35m (33.9ms)[0m  [1m[35mCREATE TABLE "schema_migrations" ("version" character varying NOT NULL PRIMARY KEY)[0m
  ↳ bin/rails:9
  [1m[35m (23.9ms)[0m  [1m[35mCREATE TABLE "ar_internal_metadata" ("key" character varying NOT NULL PRIMARY KEY, "value" character varying, "created_at" timestamp NOT NULL, "updated_at" timestamp NOT NULL)[0m
  ↳ bin/rails:9
  [1m[35m (2.8ms)[0m  [1m[34mSELECT pg_try_advisory_lock(2746794282294415710)[0m
  ↳ bin/rails:9
  [1m[35m (1.2ms)[0m  [1m[34mSELECT "schema_migrations"."version" FROM "schema_migrations" ORDER BY "schema_migrations"."version" ASC[0m
  ↳ bin/rails:9
Migrating to DeviseCreateUsers (20191012041717)
  [1m[35m (0.4ms)[0m  [1m[35mBEGIN[0m
  ↳ bin/rails:9
  [1m[35m (32.7ms)[0m  [1m[35mCREATE TABLE "users" ("id" bigserial primary key, "email" character varying DEFAULT '' NOT NULL, "encrypted_password" character varying DEFAULT '' NOT NULL, "reset_password_token" character varying, "reset_password_sent_at" timestamp, "remember_created_at" timestamp, "created_at" timestamp NOT NULL, "updated_at" timestamp NOT NULL)[0m
  ↳ db/migrate/20191012041717_devise_create_users.rb:5
  [1m[35m (2.8ms)[0m  [1m[35mCREATE UNIQUE INDEX  "index_users_on_email" ON "users"  ("email")[0m
  ↳ db/migrate/20191012041717_devise_create_users.rb:39
  [1m[35m (2.3ms)[0m  [1m[35mCREATE UNIQUE INDEX  "index_users_on_reset_password_token" ON "users"  ("reset_password_token")[0m
  ↳ db/migrate/20191012041717_devise_create_users.rb:40
  [1m[36mActiveRecord::SchemaMigration Create (2.2ms)[0m  [1m[32mINSERT INTO "schema_migrations" ("version") VALUES ($1) RETURNING "version"[0m  [["version", "20191012041717"]]
  ↳ bin/rails:9
  [1m[35m (0.9ms)[0m  [1m[35mCOMMIT[0m
  ↳ bin/rails:9
Migrating to CreateJwtBlacklists (20191012042128)
  [1m[35m (6.7ms)[0m  [1m[35mBEGIN[0m
  ↳ bin/rails:9
  [1m[35m (23.9ms)[0m  [1m[35mCREATE TABLE "jwt_blacklists" ("id" bigserial primary key, "jti" character varying, "exp" timestamp, "created_at" timestamp NOT NULL, "updated_at" timestamp NOT NULL)[0m
  ↳ db/migrate/20191012042128_create_jwt_blacklists.rb:3
  [1m[35m (1.9ms)[0m  [1m[35mCREATE  INDEX  "index_jwt_blacklists_on_jti" ON "jwt_blacklists"  ("jti")[0m
  ↳ db/migrate/20191012042128_create_jwt_blacklists.rb:9
  [1m[36mActiveRecord::SchemaMigration Create (0.9ms)[0m  [1m[32mINSERT INTO "schema_migrations" ("version") VALUES ($1) RETURNING "version"[0m  [["version", "20191012042128"]]
  ↳ bin/rails:9
  [1m[35m (2.1ms)[0m  [1m[35mCOMMIT[0m
  ↳ bin/rails:9
  [1m[36mActiveRecord::InternalMetadata Load (0.6ms)[0m  [1m[34mSELECT  "ar_internal_metadata".* FROM "ar_internal_metadata" WHERE "ar_internal_metadata"."key" = $1 LIMIT $2[0m  [["key", "environment"], ["LIMIT", 1]]
  ↳ bin/rails:9
  [1m[35m (0.3ms)[0m  [1m[35mBEGIN[0m
  ↳ bin/rails:9
  [1m[36mActiveRecord::InternalMetadata Create (7.2ms)[0m  [1m[32mINSERT INTO "ar_internal_metadata" ("key", "value", "created_at", "updated_at") VALUES ($1, $2, $3, $4) RETURNING "key"[0m  [["key", "environment"], ["value", "development"], ["created_at", "2019-10-12 04:22:27.649508"], ["updated_at", "2019-10-12 04:22:27.649508"]]
  ↳ bin/rails:9
  [1m[35m (5.0ms)[0m  [1m[35mCOMMIT[0m
  ↳ bin/rails:9
  [1m[35m (0.4ms)[0m  [1m[34mSELECT pg_advisory_unlock(2746794282294415710)[0m
  ↳ bin/rails:9
  [1m[35m (1.7ms)[0m  [1m[34mSELECT "schema_migrations"."version" FROM "schema_migrations" ORDER BY "schema_migrations"."version" ASC[0m
  ↳ bin/rails:9
Started POST "/signup" for ::1 at 2019-10-12 00:33:31 -0400
  [1m[35m (2.5ms)[0m  [1m[34mSELECT "schema_migrations"."version" FROM "schema_migrations" ORDER BY "schema_migrations"."version" ASC[0m
  ↳ /Users/forwardlearning/.rvm/gems/ruby-2.6.1/gems/activerecord-5.2.3/lib/active_record/log_subscriber.rb:98
Processing by RegistrationsController#create as */*
  Parameters: {"user"=>{"email"=>"test@test.com", "password"=>"[FILTERED]", "password_confirmation"=>"[FILTERED]"}, "registration"=>{"user"=>{"email"=>"test@test.com", "password"=>"[FILTERED]", "password_confirmation"=>"[FILTERED]"}}}
  [1m[35m (0.3ms)[0m  [1m[35mBEGIN[0m
  ↳ app/controllers/registrations_controller.rb:7
  [1m[36mUser Exists (21.9ms)[0m  [1m[34mSELECT  1 AS one FROM "users" WHERE "users"."email" = $1 LIMIT $2[0m  [["email", "test@test.com"], ["LIMIT", 1]]
  ↳ app/controllers/registrations_controller.rb:7
  [1m[36mUser Create (32.6ms)[0m  [1m[32mINSERT INTO "users" ("email", "encrypted_password", "created_at", "updated_at") VALUES ($1, $2, $3, $4) RETURNING "id"[0m  [["email", "test@test.com"], ["encrypted_password", "$2a$11$Bj6wBf2UMAn9TnuZJ8M/cOG9p.wgv324i5aM9wEzPC4OnTc6mvj5."], ["created_at", "2019-10-12 04:33:32.254526"], ["updated_at", "2019-10-12 04:33:32.254526"]]
  ↳ app/controllers/registrations_controller.rb:7
  [1m[35m (1.7ms)[0m  [1m[35mCOMMIT[0m
  ↳ app/controllers/registrations_controller.rb:7
Completed 500 Internal Server Error in 387ms (ActiveRecord: 64.1ms)


  
NoMethodError (undefined method `render_resource' for #<RegistrationsController:0x00007fbab1e70a68>
Did you mean?  render_to_string):
  
app/controllers/registrations_controller.rb:9:in `create'
Started POST "/signup" for ::1 at 2019-10-12 00:34:50 -0400
Processing by RegistrationsController#create as */*
  Parameters: {"user"=>{"email"=>"test@test.com", "password"=>"[FILTERED]", "password_confirmation"=>"[FILTERED]"}, "registration"=>{"user"=>{"email"=>"test@test.com", "password"=>"[FILTERED]", "password_confirmation"=>"[FILTERED]"}}}
  [1m[35m (0.3ms)[0m  [1m[35mBEGIN[0m
  ↳ app/controllers/registrations_controller.rb:7
  [1m[36mUser Exists (2.8ms)[0m  [1m[34mSELECT  1 AS one FROM "users" WHERE "users"."email" = $1 LIMIT $2[0m  [["email", "test@test.com"], ["LIMIT", 1]]
  ↳ app/controllers/registrations_controller.rb:7
  [1m[35m (1.6ms)[0m  [1m[31mROLLBACK[0m
  ↳ app/controllers/registrations_controller.rb:7
[active_model_serializers] Rendered ActiveModel::Serializer::Null with Hash (0.39ms)
Completed 400 Bad Request in 384ms (Views: 11.5ms | ActiveRecord: 15.0ms)


Started POST "/signup" for ::1 at 2019-10-12 00:34:57 -0400
Processing by RegistrationsController#create as */*
  Parameters: {"user"=>{"email"=>"test1@test.com", "password"=>"[FILTERED]", "password_confirmation"=>"[FILTERED]"}, "registration"=>{"user"=>{"email"=>"test1@test.com", "password"=>"[FILTERED]", "password_confirmation"=>"[FILTERED]"}}}
  [1m[35m (0.6ms)[0m  [1m[35mBEGIN[0m
  ↳ app/controllers/registrations_controller.rb:7
  [1m[36mUser Exists (0.6ms)[0m  [1m[34mSELECT  1 AS one FROM "users" WHERE "users"."email" = $1 LIMIT $2[0m  [["email", "test1@test.com"], ["LIMIT", 1]]
  ↳ app/controllers/registrations_controller.rb:7
  [1m[36mUser Create (0.5ms)[0m  [1m[32mINSERT INTO "users" ("email", "encrypted_password", "created_at", "updated_at") VALUES ($1, $2, $3, $4) RETURNING "id"[0m  [["email", "test1@test.com"], ["encrypted_password", "$2a$11$/z8w70KBeQ3s9hkhps4Eo.ZtqXoOjDi.RIfrYPVi/vKGJXdSoO4S2"], ["created_at", "2019-10-12 04:34:58.049245"], ["updated_at", "2019-10-12 04:34:58.049245"]]
  ↳ app/controllers/registrations_controller.rb:7
  [1m[35m (0.4ms)[0m  [1m[35mCOMMIT[0m
  ↳ app/controllers/registrations_controller.rb:7
[active_model_serializers] Rendered UserSerializer with ActiveModelSerializers::Adapter::Attributes (0.64ms)
Completed 200 OK in 222ms (Views: 25.6ms | ActiveRecord: 2.1ms)


Started POST "/login" for ::1 at 2019-10-12 00:35:05 -0400
Processing by SessionsController#create as */*
  Parameters: {"user"=>{"email"=>"test1@test.com", "password"=>"[FILTERED]", "password_confirmation"=>"[FILTERED]"}, "session"=>{"user"=>{"email"=>"test1@test.com", "password"=>"[FILTERED]", "password_confirmation"=>"[FILTERED]"}}}
  [1m[36mUser Load (0.8ms)[0m  [1m[34mSELECT  "users".* FROM "users" WHERE "users"."email" = $1 ORDER BY "users"."id" ASC LIMIT $2[0m  [["email", "test1@test.com"], ["LIMIT", 1]]
  ↳ /Users/forwardlearning/.rvm/gems/ruby-2.6.1/gems/activerecord-5.2.3/lib/active_record/log_subscriber.rb:98
Completed 500 Internal Server Error in 216ms (ActiveRecord: 1.2ms)


  
TypeError (no implicit conversion of nil into String):
  
jwt (2.2.1) lib/jwt/algos/hmac.rb:14:in `digest'
jwt (2.2.1) lib/jwt/algos/hmac.rb:14:in `sign'
jwt (2.2.1) lib/jwt/signature.rb:37:in `sign'
jwt (2.2.1) lib/jwt/encode.rb:57:in `encode_signature'
jwt (2.2.1) lib/jwt/encode.rb:34:in `encoded_signature'
jwt (2.2.1) lib/jwt/encode.rb:20:in `segments'
jwt (2.2.1) lib/jwt.rb:24:in `encode'
warden-jwt_auth (0.3.6) lib/warden/jwt_auth/token_encoder.rb:21:in `call'
warden-jwt_auth (0.3.6) lib/warden/jwt_auth/user_encoder.rb:33:in `call'
warden-jwt_auth (0.3.6) lib/warden/jwt_auth/hooks.rb:41:in `add_token_to_env'
warden-jwt_auth (0.3.6) lib/warden/jwt_auth/hooks.rb:28:in `prepare_token'
warden-jwt_auth (0.3.6) lib/warden/jwt_auth/hooks.rb:18:in `after_set_user'
warden-jwt_auth (0.3.6) lib/warden/jwt_auth/hooks.rb:65:in `block in <main>'
warden (1.2.8) lib/warden/hooks.rb:15:in `block in _run_callbacks'
warden (1.2.8) lib/warden/hooks.rb:10:in `each'
warden (1.2.8) lib/warden/hooks.rb:10:in `_run_callbacks'
warden (1.2.8) lib/warden/manager.rb:52:in `_run_callbacks'
warden (1.2.8) lib/warden/proxy.rb:191:in `set_user'
warden (1.2.8) lib/warden/proxy.rb:339:in `_perform_authentication'
warden (1.2.8) lib/warden/proxy.rb:133:in `authenticate!'
devise (4.7.1) app/controllers/devise/sessions_controller.rb:19:in `create'
actionpack (5.2.3) lib/action_controller/metal/basic_implicit_render.rb:6:in `send_action'
actionpack (5.2.3) lib/abstract_controller/base.rb:194:in `process_action'
actionpack (5.2.3) lib/action_controller/metal/rendering.rb:30:in `process_action'
actionpack (5.2.3) lib/abstract_controller/callbacks.rb:42:in `block in process_action'
activesupport (5.2.3) lib/active_support/callbacks.rb:132:in `run_callbacks'
actionpack (5.2.3) lib/abstract_controller/callbacks.rb:41:in `process_action'
actionpack (5.2.3) lib/action_controller/metal/rescue.rb:22:in `process_action'
actionpack (5.2.3) lib/action_controller/metal/instrumentation.rb:34:in `block in process_action'
activesupport (5.2.3) lib/active_support/notifications.rb:168:in `block in instrument'
activesupport (5.2.3) lib/active_support/notifications/instrumenter.rb:23:in `instrument'
activesupport (5.2.3) lib/active_support/notifications.rb:168:in `instrument'
actionpack (5.2.3) lib/action_controller/metal/instrumentation.rb:32:in `process_action'
actionpack (5.2.3) lib/action_controller/metal/params_wrapper.rb:256:in `process_action'
activerecord (5.2.3) lib/active_record/railties/controller_runtime.rb:24:in `process_action'
actionpack (5.2.3) lib/abstract_controller/base.rb:134:in `process'
actionpack (5.2.3) lib/action_controller/metal.rb:191:in `dispatch'
actionpack (5.2.3) lib/action_controller/metal.rb:252:in `dispatch'
actionpack (5.2.3) lib/action_dispatch/routing/route_set.rb:52:in `dispatch'
actionpack (5.2.3) lib/action_dispatch/routing/route_set.rb:34:in `serve'
actionpack (5.2.3) lib/action_dispatch/routing/mapper.rb:18:in `block in <class:Constraints>'
actionpack (5.2.3) lib/action_dispatch/routing/mapper.rb:48:in `serve'
actionpack (5.2.3) lib/action_dispatch/journey/router.rb:52:in `block in serve'
actionpack (5.2.3) lib/action_dispatch/journey/router.rb:35:in `each'
actionpack (5.2.3) lib/action_dispatch/journey/router.rb:35:in `serve'
actionpack (5.2.3) lib/action_dispatch/routing/route_set.rb:840:in `call'
warden-jwt_auth (0.3.6) lib/warden/jwt_auth/middleware/token_dispatcher.rb:20:in `call'
warden-jwt_auth (0.3.6) lib/warden/jwt_auth/middleware/revocation_manager.rb:21:in `call'
rack (2.0.7) lib/rack/builder.rb:153:in `call'
warden-jwt_auth (0.3.6) lib/warden/jwt_auth/middleware.rb:23:in `call'
warden (1.2.8) lib/warden/manager.rb:36:in `block in call'
warden (1.2.8) lib/warden/manager.rb:34:in `catch'
warden (1.2.8) lib/warden/manager.rb:34:in `call'
rack (2.0.7) lib/rack/etag.rb:25:in `call'
rack (2.0.7) lib/rack/conditional_get.rb:38:in `call'
rack (2.0.7) lib/rack/head.rb:12:in `call'
activerecord (5.2.3) lib/active_record/migration.rb:559:in `call'
actionpack (5.2.3) lib/action_dispatch/middleware/callbacks.rb:28:in `block in call'
activesupport (5.2.3) lib/active_support/callbacks.rb:98:in `run_callbacks'
actionpack (5.2.3) lib/action_dispatch/middleware/callbacks.rb:26:in `call'
actionpack (5.2.3) lib/action_dispatch/middleware/executor.rb:14:in `call'
actionpack (5.2.3) lib/action_dispatch/middleware/debug_exceptions.rb:61:in `call'
actionpack (5.2.3) lib/action_dispatch/middleware/show_exceptions.rb:33:in `call'
railties (5.2.3) lib/rails/rack/logger.rb:38:in `call_app'
railties (5.2.3) lib/rails/rack/logger.rb:26:in `block in call'
activesupport (5.2.3) lib/active_support/tagged_logging.rb:71:in `block in tagged'
activesupport (5.2.3) lib/active_support/tagged_logging.rb:28:in `tagged'
activesupport (5.2.3) lib/active_support/tagged_logging.rb:71:in `tagged'
railties (5.2.3) lib/rails/rack/logger.rb:26:in `call'
actionpack (5.2.3) lib/action_dispatch/middleware/remote_ip.rb:81:in `call'
actionpack (5.2.3) lib/action_dispatch/middleware/request_id.rb:27:in `call'
rack (2.0.7) lib/rack/runtime.rb:22:in `call'
activesupport (5.2.3) lib/active_support/cache/strategy/local_cache_middleware.rb:29:in `call'
actionpack (5.2.3) lib/action_dispatch/middleware/executor.rb:14:in `call'
actionpack (5.2.3) lib/action_dispatch/middleware/static.rb:127:in `call'
rack (2.0.7) lib/rack/sendfile.rb:111:in `call'
railties (5.2.3) lib/rails/engine.rb:524:in `call'
puma (3.12.1) lib/puma/configuration.rb:227:in `call'
puma (3.12.1) lib/puma/server.rb:660:in `handle_request'
puma (3.12.1) lib/puma/server.rb:474:in `process_client'
puma (3.12.1) lib/puma/server.rb:334:in `block in run'
puma (3.12.1) lib/puma/thread_pool.rb:135:in `block in spawn_thread'
Started POST "/login" for ::1 at 2019-10-12 00:37:01 -0400
  [1m[35m (3.0ms)[0m  [1m[34mSELECT "schema_migrations"."version" FROM "schema_migrations" ORDER BY "schema_migrations"."version" ASC[0m
  ↳ /Users/forwardlearning/.rvm/gems/ruby-2.6.1/gems/activerecord-5.2.3/lib/active_record/log_subscriber.rb:98
Processing by SessionsController#create as */*
  Parameters: {"user"=>{"email"=>"test1@test.com", "password"=>"[FILTERED]", "password_confirmation"=>"[FILTERED]"}, "session"=>{"user"=>{"email"=>"test1@test.com", "password"=>"[FILTERED]", "password_confirmation"=>"[FILTERED]"}}}
  [1m[36mUser Load (0.9ms)[0m  [1m[34mSELECT  "users".* FROM "users" WHERE "users"."email" = $1 ORDER BY "users"."id" ASC LIMIT $2[0m  [["email", "test1@test.com"], ["LIMIT", 1]]
  ↳ /Users/forwardlearning/.rvm/gems/ruby-2.6.1/gems/activerecord-5.2.3/lib/active_record/log_subscriber.rb:98
[active_model_serializers] Rendered UserSerializer with ActiveModelSerializers::Adapter::Attributes (0.65ms)
Completed 200 OK in 321ms (Views: 16.2ms | ActiveRecord: 21.9ms)


